<?xml version="1.0" encoding="UTF-8"?>
<testng-results ignored="0" total="1" passed="1" failed="0" skipped="0">
  <reporter-output>
  </reporter-output>
  <suite started-at="2022-06-25T23:19:15 IST" name="Default suite" finished-at="2022-06-25T23:19:31 IST" duration-ms="16548">
    <groups>
    </groups>
    <test started-at="2022-06-25T23:19:15 IST" name="Default test" finished-at="2022-06-25T23:19:31 IST" duration-ms="16548">
      <class name="ActionsEX">
        <test-method signature="window()[pri:0, instance:ActionsEX@3541cb24]" started-at="2022-06-25T23:19:15 IST" name="window" finished-at="2022-06-25T23:19:31 IST" duration-ms="16487" status="PASS">
          <reporter-output>
          </reporter-output>
        </test-method> <!-- window -->
      </class> <!-- ActionsEX -->
    </test> <!-- Default test -->
  </suite> <!-- Default suite -->
</testng-results>
